2014/05/06 21:50:32 [error] [exception.CException] exception 'CException' with message 'Alias "chartjs.components.ChartJs" is invalid. Make sure it points to an existing PHP file and the file is readable.' in C:\inetpub\wwwroot\framework\YiiBase.php:322
Stack trace:
#0 C:\inetpub\wwwroot\framework\YiiBase.php(196): YiiBase::import('chartjs.compone...', true)
#1 C:\inetpub\wwwroot\framework\base\CModule.php(386): YiiBase::createComponent(Array)
#2 C:\inetpub\wwwroot\framework\base\CModule.php(523): CModule->getComponent('chartjs')
#3 C:\inetpub\wwwroot\framework\base\CApplication.php(163): CModule->preloadComponents()
#4 C:\inetpub\wwwroot\framework\YiiBase.php(125): CApplication->__construct('C:\inetpub\wwwr...')
#5 C:\inetpub\wwwroot\framework\YiiBase.php(98): YiiBase::createApplication('CWebApplication', 'C:\inetpub\wwwr...')
#6 C:\inetpub\wwwroot\gineobs\index.php(13): YiiBase::createWebApplication('C:\inetpub\wwwr...')
#7 {main}
REQUEST_URI=/gineobs/
---
2014/05/06 21:54:56 [error] [exception.CException] exception 'CException' with message 'Alias "chartjs.components.ChartJs" is invalid. Make sure it points to an existing PHP file and the file is readable.' in C:\inetpub\wwwroot\framework\YiiBase.php:322
Stack trace:
#0 C:\inetpub\wwwroot\framework\YiiBase.php(196): YiiBase::import('chartjs.compone...', true)
#1 C:\inetpub\wwwroot\framework\base\CModule.php(386): YiiBase::createComponent(Array)
#2 C:\inetpub\wwwroot\framework\base\CModule.php(523): CModule->getComponent('chartjs')
#3 C:\inetpub\wwwroot\framework\base\CApplication.php(163): CModule->preloadComponents()
#4 C:\inetpub\wwwroot\framework\YiiBase.php(125): CApplication->__construct('C:\inetpub\wwwr...')
#5 C:\inetpub\wwwroot\framework\YiiBase.php(98): YiiBase::createApplication('CWebApplication', 'C:\inetpub\wwwr...')
#6 C:\inetpub\wwwroot\gineobs\index.php(13): YiiBase::createWebApplication('C:\inetpub\wwwr...')
#7 {main}
REQUEST_URI=/gineobs/
---
2014/05/06 22:00:27 [error] [exception.CHttpException.404] exception 'CHttpException' with message 'No es posible resolver la solicitud "img/loading.gif"' in C:\inetpub\wwwroot\framework\web\CWebApplication.php:286
Stack trace:
#0 C:\inetpub\wwwroot\framework\web\CWebApplication.php(141): CWebApplication->runController('img/loading.gif')
#1 C:\inetpub\wwwroot\framework\base\CApplication.php(180): CWebApplication->processRequest()
#2 C:\inetpub\wwwroot\gineobs\index.php(13): CApplication->run()
#3 {main}
REQUEST_URI=/gineobs/img/loading.gif
HTTP_REFERER=http://localhost/gineobs/
---
2014/05/06 22:00:27 [error] [exception.CHttpException.404] exception 'CHttpException' with message 'No es posible resolver la solicitud "img/close.png"' in C:\inetpub\wwwroot\framework\web\CWebApplication.php:286
Stack trace:
#0 C:\inetpub\wwwroot\framework\web\CWebApplication.php(141): CWebApplication->runController('img/close.png')
#1 C:\inetpub\wwwroot\framework\base\CApplication.php(180): CWebApplication->processRequest()
#2 C:\inetpub\wwwroot\gineobs\index.php(13): CApplication->run()
#3 {main}
REQUEST_URI=/gineobs/img/close.png
HTTP_REFERER=http://localhost/gineobs/
---
2014/05/06 22:00:33 [error] [exception.CDbException] exception 'CDbException' with message 'CDbConnection failed to open the DB connection: SQLSTATE[HY000] [1045] Access denied for user 'root'@'localhost' (using password: YES)' in C:\inetpub\wwwroot\framework\db\CDbConnection.php:382
Stack trace:
#0 C:\inetpub\wwwroot\framework\db\CDbConnection.php(330): CDbConnection->open()
#1 C:\inetpub\wwwroot\framework\db\CDbConnection.php(308): CDbConnection->setActive(true)
#2 C:\inetpub\wwwroot\framework\base\CModule.php(387): CDbConnection->init()
#3 C:\inetpub\wwwroot\framework\base\CApplication.php(450): CModule->getComponent('db')
#4 C:\inetpub\wwwroot\framework\db\ar\CActiveRecord.php(634): CApplication->getDb()
#5 C:\inetpub\wwwroot\framework\db\ar\CActiveRecord.php(667): CActiveRecord->getDbConnection()
#6 C:\inetpub\wwwroot\framework\db\ar\CActiveRecord.php(1469): CActiveRecord->getCommandBuilder()
#7 C:\inetpub\wwwroot\gineobs\protected\controllers\DashboardController.php(7): CActiveRecord->findAll()
#8 C:\inetpub\wwwroot\framework\web\actions\CInlineAction.php(49): DashboardController->actionIndex()
#9 C:\inetpub\wwwroot\framework\web\CController.php(308): CInlineAction->runWithParams(Array)
#10 C:\inetpub\wwwroot\framework\web\CController.php(286): CController->runAction(Object(CInlineAction))
#11 C:\inetpub\wwwroot\framework\web\CController.php(265): CController->runActionWithFilters(Object(CInlineAction), Array)
#12 C:\inetpub\wwwroot\framework\web\CWebApplication.php(282): CController->run('index')
#13 C:\inetpub\wwwroot\framework\web\CWebApplication.php(141): CWebApplication->runController('dashboard/index')
#14 C:\inetpub\wwwroot\framework\base\CApplication.php(180): CWebApplication->processRequest()
#15 C:\inetpub\wwwroot\gineobs\index.php(13): CApplication->run()
#16 {main}
REQUEST_URI=/gineobs/dashboard/index
HTTP_REFERER=http://localhost/gineobs/
---
2014/05/06 22:00:53 [error] [exception.CHttpException.404] exception 'CHttpException' with message 'El sistema no ha podido encontrar la acción "img" solicitada.' in C:\inetpub\wwwroot\framework\web\CController.php:483
Stack trace:
#0 C:\inetpub\wwwroot\framework\web\CController.php(270): CController->missingAction('img')
#1 C:\inetpub\wwwroot\framework\web\CWebApplication.php(282): CController->run('img')
#2 C:\inetpub\wwwroot\framework\web\CWebApplication.php(141): CWebApplication->runController('dashboard/img/l...')
#3 C:\inetpub\wwwroot\framework\base\CApplication.php(180): CWebApplication->processRequest()
#4 C:\inetpub\wwwroot\gineobs\index.php(13): CApplication->run()
#5 {main}
REQUEST_URI=/gineobs/dashboard/img/loading.gif
HTTP_REFERER=http://localhost/gineobs/dashboard/index
---
2014/05/06 22:00:53 [error] [exception.CHttpException.404] exception 'CHttpException' with message 'El sistema no ha podido encontrar la acción "img" solicitada.' in C:\inetpub\wwwroot\framework\web\CController.php:483
Stack trace:
#0 C:\inetpub\wwwroot\framework\web\CController.php(270): CController->missingAction('img')
#1 C:\inetpub\wwwroot\framework\web\CWebApplication.php(282): CController->run('img')
#2 C:\inetpub\wwwroot\framework\web\CWebApplication.php(141): CWebApplication->runController('dashboard/img/c...')
#3 C:\inetpub\wwwroot\framework\base\CApplication.php(180): CWebApplication->processRequest()
#4 C:\inetpub\wwwroot\gineobs\index.php(13): CApplication->run()
#5 {main}
REQUEST_URI=/gineobs/dashboard/img/close.png
HTTP_REFERER=http://localhost/gineobs/dashboard/index
---
2014/05/06 22:04:08 [error] [exception.CHttpException.404] exception 'CHttpException' with message 'El sistema no ha podido encontrar la acción "img" solicitada.' in C:\inetpub\wwwroot\framework\web\CController.php:483
Stack trace:
#0 C:\inetpub\wwwroot\framework\web\CController.php(270): CController->missingAction('img')
#1 C:\inetpub\wwwroot\framework\web\CWebApplication.php(282): CController->run('img')
#2 C:\inetpub\wwwroot\framework\web\CWebApplication.php(141): CWebApplication->runController('dashboard/img/l...')
#3 C:\inetpub\wwwroot\framework\base\CApplication.php(180): CWebApplication->processRequest()
#4 C:\inetpub\wwwroot\gineobs\index.php(13): CApplication->run()
#5 {main}
REQUEST_URI=/gineobs/dashboard/img/loading.gif
HTTP_REFERER=http://localhost/gineobs/dashboard/index
---
2014/05/06 22:04:08 [error] [exception.CHttpException.404] exception 'CHttpException' with message 'El sistema no ha podido encontrar la acción "img" solicitada.' in C:\inetpub\wwwroot\framework\web\CController.php:483
Stack trace:
#0 C:\inetpub\wwwroot\framework\web\CController.php(270): CController->missingAction('img')
#1 C:\inetpub\wwwroot\framework\web\CWebApplication.php(282): CController->run('img')
#2 C:\inetpub\wwwroot\framework\web\CWebApplication.php(141): CWebApplication->runController('dashboard/img/c...')
#3 C:\inetpub\wwwroot\framework\base\CApplication.php(180): CWebApplication->processRequest()
#4 C:\inetpub\wwwroot\gineobs\index.php(13): CApplication->run()
#5 {main}
REQUEST_URI=/gineobs/dashboard/img/close.png
HTTP_REFERER=http://localhost/gineobs/dashboard/index
---
2014/05/06 22:09:16 [error] [exception.CHttpException.404] exception 'CHttpException' with message 'El sistema no ha podido encontrar la acción "img" solicitada.' in C:\inetpub\wwwroot\framework\web\CController.php:483
Stack trace:
#0 C:\inetpub\wwwroot\framework\web\CController.php(270): CController->missingAction('img')
#1 C:\inetpub\wwwroot\framework\web\CWebApplication.php(282): CController->run('img')
#2 C:\inetpub\wwwroot\framework\web\CWebApplication.php(141): CWebApplication->runController('dashboard/img/l...')
#3 C:\inetpub\wwwroot\framework\base\CApplication.php(180): CWebApplication->processRequest()
#4 C:\inetpub\wwwroot\gineobs\index.php(13): CApplication->run()
#5 {main}
REQUEST_URI=/gineobs/dashboard/img/loading.gif
HTTP_REFERER=http://localhost/gineobs/dashboard/index
---
2014/05/06 22:09:16 [error] [exception.CHttpException.404] exception 'CHttpException' with message 'El sistema no ha podido encontrar la acción "img" solicitada.' in C:\inetpub\wwwroot\framework\web\CController.php:483
Stack trace:
#0 C:\inetpub\wwwroot\framework\web\CController.php(270): CController->missingAction('img')
#1 C:\inetpub\wwwroot\framework\web\CWebApplication.php(282): CController->run('img')
#2 C:\inetpub\wwwroot\framework\web\CWebApplication.php(141): CWebApplication->runController('dashboard/img/c...')
#3 C:\inetpub\wwwroot\framework\base\CApplication.php(180): CWebApplication->processRequest()
#4 C:\inetpub\wwwroot\gineobs\index.php(13): CApplication->run()
#5 {main}
REQUEST_URI=/gineobs/dashboard/img/close.png
HTTP_REFERER=http://localhost/gineobs/dashboard/index
---
2014/05/06 22:09:49 [error] [exception.CHttpException.404] exception 'CHttpException' with message 'El sistema no ha podido encontrar la acción "img" solicitada.' in C:\inetpub\wwwroot\framework\web\CController.php:483
Stack trace:
#0 C:\inetpub\wwwroot\framework\web\CController.php(270): CController->missingAction('img')
#1 C:\inetpub\wwwroot\framework\web\CWebApplication.php(282): CController->run('img')
#2 C:\inetpub\wwwroot\framework\web\CWebApplication.php(141): CWebApplication->runController('dashboard/img/l...')
#3 C:\inetpub\wwwroot\framework\base\CApplication.php(180): CWebApplication->processRequest()
#4 C:\inetpub\wwwroot\gineobs\index.php(13): CApplication->run()
#5 {main}
REQUEST_URI=/gineobs/dashboard/img/loading.gif
HTTP_REFERER=http://localhost/gineobs/dashboard/index
---
2014/05/06 22:09:49 [error] [exception.CHttpException.404] exception 'CHttpException' with message 'El sistema no ha podido encontrar la acción "img" solicitada.' in C:\inetpub\wwwroot\framework\web\CController.php:483
Stack trace:
#0 C:\inetpub\wwwroot\framework\web\CController.php(270): CController->missingAction('img')
#1 C:\inetpub\wwwroot\framework\web\CWebApplication.php(282): CController->run('img')
#2 C:\inetpub\wwwroot\framework\web\CWebApplication.php(141): CWebApplication->runController('dashboard/img/c...')
#3 C:\inetpub\wwwroot\framework\base\CApplication.php(180): CWebApplication->processRequest()
#4 C:\inetpub\wwwroot\gineobs\index.php(13): CApplication->run()
#5 {main}
REQUEST_URI=/gineobs/dashboard/img/close.png
HTTP_REFERER=http://localhost/gineobs/dashboard/index
---
2014/05/06 22:09:59 [error] [exception.CHttpException.404] exception 'CHttpException' with message 'El sistema no ha podido encontrar la acción "img" solicitada.' in C:\inetpub\wwwroot\framework\web\CController.php:483
Stack trace:
#0 C:\inetpub\wwwroot\framework\web\CController.php(270): CController->missingAction('img')
#1 C:\inetpub\wwwroot\framework\web\CWebApplication.php(282): CController->run('img')
#2 C:\inetpub\wwwroot\framework\web\CWebApplication.php(141): CWebApplication->runController('dashboard/img/l...')
#3 C:\inetpub\wwwroot\framework\base\CApplication.php(180): CWebApplication->processRequest()
#4 C:\inetpub\wwwroot\gineobs\index.php(13): CApplication->run()
#5 {main}
REQUEST_URI=/gineobs/dashboard/img/loading.gif
HTTP_REFERER=http://localhost/gineobs/dashboard/index
---
2014/05/06 22:09:59 [error] [exception.CHttpException.404] exception 'CHttpException' with message 'El sistema no ha podido encontrar la acción "img" solicitada.' in C:\inetpub\wwwroot\framework\web\CController.php:483
Stack trace:
#0 C:\inetpub\wwwroot\framework\web\CController.php(270): CController->missingAction('img')
#1 C:\inetpub\wwwroot\framework\web\CWebApplication.php(282): CController->run('img')
#2 C:\inetpub\wwwroot\framework\web\CWebApplication.php(141): CWebApplication->runController('dashboard/img/c...')
#3 C:\inetpub\wwwroot\framework\base\CApplication.php(180): CWebApplication->processRequest()
#4 C:\inetpub\wwwroot\gineobs\index.php(13): CApplication->run()
#5 {main}
REQUEST_URI=/gineobs/dashboard/img/close.png
HTTP_REFERER=http://localhost/gineobs/dashboard/index
---
2014/05/06 22:10:04 [error] [exception.CHttpException.404] exception 'CHttpException' with message 'El sistema no ha podido encontrar la acción "img" solicitada.' in C:\inetpub\wwwroot\framework\web\CController.php:483
Stack trace:
#0 C:\inetpub\wwwroot\framework\web\CController.php(270): CController->missingAction('img')
#1 C:\inetpub\wwwroot\framework\web\CWebApplication.php(282): CController->run('img')
#2 C:\inetpub\wwwroot\framework\web\CWebApplication.php(141): CWebApplication->runController('dashboard/img/c...')
#3 C:\inetpub\wwwroot\framework\base\CApplication.php(180): CWebApplication->processRequest()
#4 C:\inetpub\wwwroot\gineobs\index.php(13): CApplication->run()
#5 {main}
REQUEST_URI=/gineobs/dashboard/img/close.png
HTTP_REFERER=http://localhost/gineobs/dashboard/index
---
2014/05/06 22:10:04 [error] [exception.CHttpException.404] exception 'CHttpException' with message 'El sistema no ha podido encontrar la acción "img" solicitada.' in C:\inetpub\wwwroot\framework\web\CController.php:483
Stack trace:
#0 C:\inetpub\wwwroot\framework\web\CController.php(270): CController->missingAction('img')
#1 C:\inetpub\wwwroot\framework\web\CWebApplication.php(282): CController->run('img')
#2 C:\inetpub\wwwroot\framework\web\CWebApplication.php(141): CWebApplication->runController('dashboard/img/l...')
#3 C:\inetpub\wwwroot\framework\base\CApplication.php(180): CWebApplication->processRequest()
#4 C:\inetpub\wwwroot\gineobs\index.php(13): CApplication->run()
#5 {main}
REQUEST_URI=/gineobs/dashboard/img/loading.gif
HTTP_REFERER=http://localhost/gineobs/dashboard/index
---
2014/05/06 22:10:09 [error] [exception.CHttpException.404] exception 'CHttpException' with message 'El sistema no ha podido encontrar la acción "img" solicitada.' in C:\inetpub\wwwroot\framework\web\CController.php:483
Stack trace:
#0 C:\inetpub\wwwroot\framework\web\CController.php(270): CController->missingAction('img')
#1 C:\inetpub\wwwroot\framework\web\CWebApplication.php(282): CController->run('img')
#2 C:\inetpub\wwwroot\framework\web\CWebApplication.php(141): CWebApplication->runController('dashboard/img/c...')
#3 C:\inetpub\wwwroot\framework\base\CApplication.php(180): CWebApplication->processRequest()
#4 C:\inetpub\wwwroot\gineobs\index.php(13): CApplication->run()
#5 {main}
REQUEST_URI=/gineobs/dashboard/img/close.png
HTTP_REFERER=http://localhost/gineobs/dashboard/index
---
2014/05/06 22:10:09 [error] [exception.CHttpException.404] exception 'CHttpException' with message 'El sistema no ha podido encontrar la acción "img" solicitada.' in C:\inetpub\wwwroot\framework\web\CController.php:483
Stack trace:
#0 C:\inetpub\wwwroot\framework\web\CController.php(270): CController->missingAction('img')
#1 C:\inetpub\wwwroot\framework\web\CWebApplication.php(282): CController->run('img')
#2 C:\inetpub\wwwroot\framework\web\CWebApplication.php(141): CWebApplication->runController('dashboard/img/l...')
#3 C:\inetpub\wwwroot\framework\base\CApplication.php(180): CWebApplication->processRequest()
#4 C:\inetpub\wwwroot\gineobs\index.php(13): CApplication->run()
#5 {main}
REQUEST_URI=/gineobs/dashboard/img/loading.gif
HTTP_REFERER=http://localhost/gineobs/dashboard/index
---
2014/05/06 22:10:35 [error] [exception.CHttpException.404] exception 'CHttpException' with message 'El sistema no ha podido encontrar la acción "img" solicitada.' in C:\inetpub\wwwroot\framework\web\CController.php:483
Stack trace:
#0 C:\inetpub\wwwroot\framework\web\CController.php(270): CController->missingAction('img')
#1 C:\inetpub\wwwroot\framework\web\CWebApplication.php(282): CController->run('img')
#2 C:\inetpub\wwwroot\framework\web\CWebApplication.php(141): CWebApplication->runController('dashboard/img/c...')
#3 C:\inetpub\wwwroot\framework\base\CApplication.php(180): CWebApplication->processRequest()
#4 C:\inetpub\wwwroot\gineobs\index.php(13): CApplication->run()
#5 {main}
REQUEST_URI=/gineobs/dashboard/img/close.png
HTTP_REFERER=http://localhost/gineobs/dashboard/index
---
2014/05/06 22:10:35 [error] [exception.CHttpException.404] exception 'CHttpException' with message 'El sistema no ha podido encontrar la acción "img" solicitada.' in C:\inetpub\wwwroot\framework\web\CController.php:483
Stack trace:
#0 C:\inetpub\wwwroot\framework\web\CController.php(270): CController->missingAction('img')
#1 C:\inetpub\wwwroot\framework\web\CWebApplication.php(282): CController->run('img')
#2 C:\inetpub\wwwroot\framework\web\CWebApplication.php(141): CWebApplication->runController('dashboard/img/l...')
#3 C:\inetpub\wwwroot\framework\base\CApplication.php(180): CWebApplication->processRequest()
#4 C:\inetpub\wwwroot\gineobs\index.php(13): CApplication->run()
#5 {main}
REQUEST_URI=/gineobs/dashboard/img/loading.gif
HTTP_REFERER=http://localhost/gineobs/dashboard/index
---
2014/05/06 22:15:25 [error] [exception.CHttpException.404] exception 'CHttpException' with message 'El sistema no ha podido encontrar la acción "img" solicitada.' in C:\inetpub\wwwroot\framework\web\CController.php:483
Stack trace:
#0 C:\inetpub\wwwroot\framework\web\CController.php(270): CController->missingAction('img')
#1 C:\inetpub\wwwroot\framework\web\CWebApplication.php(282): CController->run('img')
#2 C:\inetpub\wwwroot\framework\web\CWebApplication.php(141): CWebApplication->runController('dashboard/img/l...')
#3 C:\inetpub\wwwroot\framework\base\CApplication.php(180): CWebApplication->processRequest()
#4 C:\inetpub\wwwroot\gineobs\index.php(13): CApplication->run()
#5 {main}
REQUEST_URI=/gineobs/dashboard/img/loading.gif
HTTP_REFERER=http://localhost/gineobs/dashboard/index
---
2014/05/06 22:15:25 [error] [exception.CHttpException.404] exception 'CHttpException' with message 'El sistema no ha podido encontrar la acción "img" solicitada.' in C:\inetpub\wwwroot\framework\web\CController.php:483
Stack trace:
#0 C:\inetpub\wwwroot\framework\web\CController.php(270): CController->missingAction('img')
#1 C:\inetpub\wwwroot\framework\web\CWebApplication.php(282): CController->run('img')
#2 C:\inetpub\wwwroot\framework\web\CWebApplication.php(141): CWebApplication->runController('dashboard/img/c...')
#3 C:\inetpub\wwwroot\framework\base\CApplication.php(180): CWebApplication->processRequest()
#4 C:\inetpub\wwwroot\gineobs\index.php(13): CApplication->run()
#5 {main}
REQUEST_URI=/gineobs/dashboard/img/close.png
HTTP_REFERER=http://localhost/gineobs/dashboard/index
---
2014/05/06 22:21:35 [error] [exception.CHttpException.404] exception 'CHttpException' with message 'El sistema no ha podido encontrar la acción "img" solicitada.' in C:\inetpub\wwwroot\framework\web\CController.php:483
Stack trace:
#0 C:\inetpub\wwwroot\framework\web\CController.php(270): CController->missingAction('img')
#1 C:\inetpub\wwwroot\framework\web\CWebApplication.php(282): CController->run('img')
#2 C:\inetpub\wwwroot\framework\web\CWebApplication.php(141): CWebApplication->runController('dashboard/img/c...')
#3 C:\inetpub\wwwroot\framework\base\CApplication.php(180): CWebApplication->processRequest()
#4 C:\inetpub\wwwroot\gineobs\index.php(13): CApplication->run()
#5 {main}
REQUEST_URI=/gineobs/dashboard/img/close.png
HTTP_REFERER=http://localhost/gineobs/dashboard/index
---
2014/05/06 22:21:35 [error] [exception.CHttpException.404] exception 'CHttpException' with message 'El sistema no ha podido encontrar la acción "img" solicitada.' in C:\inetpub\wwwroot\framework\web\CController.php:483
Stack trace:
#0 C:\inetpub\wwwroot\framework\web\CController.php(270): CController->missingAction('img')
#1 C:\inetpub\wwwroot\framework\web\CWebApplication.php(282): CController->run('img')
#2 C:\inetpub\wwwroot\framework\web\CWebApplication.php(141): CWebApplication->runController('dashboard/img/l...')
#3 C:\inetpub\wwwroot\framework\base\CApplication.php(180): CWebApplication->processRequest()
#4 C:\inetpub\wwwroot\gineobs\index.php(13): CApplication->run()
#5 {main}
REQUEST_URI=/gineobs/dashboard/img/loading.gif
HTTP_REFERER=http://localhost/gineobs/dashboard/index
---
2014/05/06 22:39:08 [error] [exception.CHttpException.404] exception 'CHttpException' with message 'El sistema no ha podido encontrar la acción "img" solicitada.' in C:\inetpub\wwwroot\framework\web\CController.php:483
Stack trace:
#0 C:\inetpub\wwwroot\framework\web\CController.php(270): CController->missingAction('img')
#1 C:\inetpub\wwwroot\framework\web\CWebApplication.php(282): CController->run('img')
#2 C:\inetpub\wwwroot\framework\web\CWebApplication.php(141): CWebApplication->runController('dashboard/img/l...')
#3 C:\inetpub\wwwroot\framework\base\CApplication.php(180): CWebApplication->processRequest()
#4 C:\inetpub\wwwroot\gineobs\index.php(13): CApplication->run()
#5 {main}
REQUEST_URI=/gineobs/dashboard/img/loading.gif
HTTP_REFERER=http://localhost/gineobs/dashboard/index
---
2014/05/06 22:39:08 [error] [exception.CHttpException.404] exception 'CHttpException' with message 'El sistema no ha podido encontrar la acción "img" solicitada.' in C:\inetpub\wwwroot\framework\web\CController.php:483
Stack trace:
#0 C:\inetpub\wwwroot\framework\web\CController.php(270): CController->missingAction('img')
#1 C:\inetpub\wwwroot\framework\web\CWebApplication.php(282): CController->run('img')
#2 C:\inetpub\wwwroot\framework\web\CWebApplication.php(141): CWebApplication->runController('dashboard/img/c...')
#3 C:\inetpub\wwwroot\framework\base\CApplication.php(180): CWebApplication->processRequest()
#4 C:\inetpub\wwwroot\gineobs\index.php(13): CApplication->run()
#5 {main}
REQUEST_URI=/gineobs/dashboard/img/close.png
HTTP_REFERER=http://localhost/gineobs/dashboard/index
---
2014/05/06 22:39:38 [error] [exception.CHttpException.404] exception 'CHttpException' with message 'El sistema no ha podido encontrar la acción "img" solicitada.' in C:\inetpub\wwwroot\framework\web\CController.php:483
Stack trace:
#0 C:\inetpub\wwwroot\framework\web\CController.php(270): CController->missingAction('img')
#1 C:\inetpub\wwwroot\framework\web\CWebApplication.php(282): CController->run('img')
#2 C:\inetpub\wwwroot\framework\web\CWebApplication.php(141): CWebApplication->runController('dashboard/img/l...')
#3 C:\inetpub\wwwroot\framework\base\CApplication.php(180): CWebApplication->processRequest()
#4 C:\inetpub\wwwroot\gineobs\index.php(13): CApplication->run()
#5 {main}
REQUEST_URI=/gineobs/dashboard/img/loading.gif
HTTP_REFERER=http://localhost/gineobs/dashboard/index
---
2014/05/06 22:39:38 [error] [exception.CHttpException.404] exception 'CHttpException' with message 'El sistema no ha podido encontrar la acción "img" solicitada.' in C:\inetpub\wwwroot\framework\web\CController.php:483
Stack trace:
#0 C:\inetpub\wwwroot\framework\web\CController.php(270): CController->missingAction('img')
#1 C:\inetpub\wwwroot\framework\web\CWebApplication.php(282): CController->run('img')
#2 C:\inetpub\wwwroot\framework\web\CWebApplication.php(141): CWebApplication->runController('dashboard/img/c...')
#3 C:\inetpub\wwwroot\framework\base\CApplication.php(180): CWebApplication->processRequest()
#4 C:\inetpub\wwwroot\gineobs\index.php(13): CApplication->run()
#5 {main}
REQUEST_URI=/gineobs/dashboard/img/close.png
HTTP_REFERER=http://localhost/gineobs/dashboard/index
---
2014/05/06 22:40:56 [error] [exception.CHttpException.404] exception 'CHttpException' with message 'El sistema no ha podido encontrar la acción "img" solicitada.' in C:\inetpub\wwwroot\framework\web\CController.php:483
Stack trace:
#0 C:\inetpub\wwwroot\framework\web\CController.php(270): CController->missingAction('img')
#1 C:\inetpub\wwwroot\framework\web\CWebApplication.php(282): CController->run('img')
#2 C:\inetpub\wwwroot\framework\web\CWebApplication.php(141): CWebApplication->runController('dashboard/img/l...')
#3 C:\inetpub\wwwroot\framework\base\CApplication.php(180): CWebApplication->processRequest()
#4 C:\inetpub\wwwroot\gineobs\index.php(13): CApplication->run()
#5 {main}
REQUEST_URI=/gineobs/dashboard/img/loading.gif
HTTP_REFERER=http://localhost/gineobs/dashboard/index
---
2014/05/06 22:40:56 [error] [exception.CHttpException.404] exception 'CHttpException' with message 'El sistema no ha podido encontrar la acción "img" solicitada.' in C:\inetpub\wwwroot\framework\web\CController.php:483
Stack trace:
#0 C:\inetpub\wwwroot\framework\web\CController.php(270): CController->missingAction('img')
#1 C:\inetpub\wwwroot\framework\web\CWebApplication.php(282): CController->run('img')
#2 C:\inetpub\wwwroot\framework\web\CWebApplication.php(141): CWebApplication->runController('dashboard/img/c...')
#3 C:\inetpub\wwwroot\framework\base\CApplication.php(180): CWebApplication->processRequest()
#4 C:\inetpub\wwwroot\gineobs\index.php(13): CApplication->run()
#5 {main}
REQUEST_URI=/gineobs/dashboard/img/close.png
HTTP_REFERER=http://localhost/gineobs/dashboard/index
---
2014/05/06 22:41:18 [error] [exception.CHttpException.404] exception 'CHttpException' with message 'El sistema no ha podido encontrar la acción "img" solicitada.' in C:\inetpub\wwwroot\framework\web\CController.php:483
Stack trace:
#0 C:\inetpub\wwwroot\framework\web\CController.php(270): CController->missingAction('img')
#1 C:\inetpub\wwwroot\framework\web\CWebApplication.php(282): CController->run('img')
#2 C:\inetpub\wwwroot\framework\web\CWebApplication.php(141): CWebApplication->runController('dashboard/img/l...')
#3 C:\inetpub\wwwroot\framework\base\CApplication.php(180): CWebApplication->processRequest()
#4 C:\inetpub\wwwroot\gineobs\index.php(13): CApplication->run()
#5 {main}
REQUEST_URI=/gineobs/dashboard/img/loading.gif
HTTP_REFERER=http://localhost/gineobs/dashboard/index
---
2014/05/06 22:41:18 [error] [exception.CHttpException.404] exception 'CHttpException' with message 'El sistema no ha podido encontrar la acción "img" solicitada.' in C:\inetpub\wwwroot\framework\web\CController.php:483
Stack trace:
#0 C:\inetpub\wwwroot\framework\web\CController.php(270): CController->missingAction('img')
#1 C:\inetpub\wwwroot\framework\web\CWebApplication.php(282): CController->run('img')
#2 C:\inetpub\wwwroot\framework\web\CWebApplication.php(141): CWebApplication->runController('dashboard/img/c...')
#3 C:\inetpub\wwwroot\framework\base\CApplication.php(180): CWebApplication->processRequest()
#4 C:\inetpub\wwwroot\gineobs\index.php(13): CApplication->run()
#5 {main}
REQUEST_URI=/gineobs/dashboard/img/close.png
HTTP_REFERER=http://localhost/gineobs/dashboard/index
---
2014/05/06 22:45:25 [error] [exception.CHttpException.404] exception 'CHttpException' with message 'El sistema no ha podido encontrar la acción "img" solicitada.' in C:\inetpub\wwwroot\framework\web\CController.php:483
Stack trace:
#0 C:\inetpub\wwwroot\framework\web\CController.php(270): CController->missingAction('img')
#1 C:\inetpub\wwwroot\framework\web\CWebApplication.php(282): CController->run('img')
#2 C:\inetpub\wwwroot\framework\web\CWebApplication.php(141): CWebApplication->runController('dashboard/img/l...')
#3 C:\inetpub\wwwroot\framework\base\CApplication.php(180): CWebApplication->processRequest()
#4 C:\inetpub\wwwroot\gineobs\index.php(13): CApplication->run()
#5 {main}
REQUEST_URI=/gineobs/dashboard/img/loading.gif
HTTP_REFERER=http://localhost/gineobs/dashboard/index
---
2014/05/06 22:45:25 [error] [exception.CHttpException.404] exception 'CHttpException' with message 'El sistema no ha podido encontrar la acción "img" solicitada.' in C:\inetpub\wwwroot\framework\web\CController.php:483
Stack trace:
#0 C:\inetpub\wwwroot\framework\web\CController.php(270): CController->missingAction('img')
#1 C:\inetpub\wwwroot\framework\web\CWebApplication.php(282): CController->run('img')
#2 C:\inetpub\wwwroot\framework\web\CWebApplication.php(141): CWebApplication->runController('dashboard/img/c...')
#3 C:\inetpub\wwwroot\framework\base\CApplication.php(180): CWebApplication->processRequest()
#4 C:\inetpub\wwwroot\gineobs\index.php(13): CApplication->run()
#5 {main}
REQUEST_URI=/gineobs/dashboard/img/close.png
HTTP_REFERER=http://localhost/gineobs/dashboard/index
---
2014/05/06 22:49:27 [error] [exception.CHttpException.404] exception 'CHttpException' with message 'El sistema no ha podido encontrar la acción "img" solicitada.' in C:\inetpub\wwwroot\framework\web\CController.php:483
Stack trace:
#0 C:\inetpub\wwwroot\framework\web\CController.php(270): CController->missingAction('img')
#1 C:\inetpub\wwwroot\framework\web\CWebApplication.php(282): CController->run('img')
#2 C:\inetpub\wwwroot\framework\web\CWebApplication.php(141): CWebApplication->runController('dashboard/img/l...')
#3 C:\inetpub\wwwroot\framework\base\CApplication.php(180): CWebApplication->processRequest()
#4 C:\inetpub\wwwroot\gineobs\index.php(13): CApplication->run()
#5 {main}
REQUEST_URI=/gineobs/dashboard/img/loading.gif
HTTP_REFERER=http://localhost/gineobs/dashboard/index
---
2014/05/06 22:49:27 [error] [exception.CHttpException.404] exception 'CHttpException' with message 'El sistema no ha podido encontrar la acción "img" solicitada.' in C:\inetpub\wwwroot\framework\web\CController.php:483
Stack trace:
#0 C:\inetpub\wwwroot\framework\web\CController.php(270): CController->missingAction('img')
#1 C:\inetpub\wwwroot\framework\web\CWebApplication.php(282): CController->run('img')
#2 C:\inetpub\wwwroot\framework\web\CWebApplication.php(141): CWebApplication->runController('dashboard/img/c...')
#3 C:\inetpub\wwwroot\framework\base\CApplication.php(180): CWebApplication->processRequest()
#4 C:\inetpub\wwwroot\gineobs\index.php(13): CApplication->run()
#5 {main}
REQUEST_URI=/gineobs/dashboard/img/close.png
HTTP_REFERER=http://localhost/gineobs/dashboard/index
---
2014/05/06 22:51:22 [error] [exception.CHttpException.404] exception 'CHttpException' with message 'El sistema no ha podido encontrar la acción "img" solicitada.' in C:\inetpub\wwwroot\framework\web\CController.php:483
Stack trace:
#0 C:\inetpub\wwwroot\framework\web\CController.php(270): CController->missingAction('img')
#1 C:\inetpub\wwwroot\framework\web\CWebApplication.php(282): CController->run('img')
#2 C:\inetpub\wwwroot\framework\web\CWebApplication.php(141): CWebApplication->runController('dashboard/img/c...')
#3 C:\inetpub\wwwroot\framework\base\CApplication.php(180): CWebApplication->processRequest()
#4 C:\inetpub\wwwroot\gineobs\index.php(13): CApplication->run()
#5 {main}
REQUEST_URI=/gineobs/dashboard/img/close.png
HTTP_REFERER=http://localhost/gineobs/dashboard/index
---
2014/05/06 22:51:23 [error] [exception.CHttpException.404] exception 'CHttpException' with message 'El sistema no ha podido encontrar la acción "img" solicitada.' in C:\inetpub\wwwroot\framework\web\CController.php:483
Stack trace:
#0 C:\inetpub\wwwroot\framework\web\CController.php(270): CController->missingAction('img')
#1 C:\inetpub\wwwroot\framework\web\CWebApplication.php(282): CController->run('img')
#2 C:\inetpub\wwwroot\framework\web\CWebApplication.php(141): CWebApplication->runController('dashboard/img/l...')
#3 C:\inetpub\wwwroot\framework\base\CApplication.php(180): CWebApplication->processRequest()
#4 C:\inetpub\wwwroot\gineobs\index.php(13): CApplication->run()
#5 {main}
REQUEST_URI=/gineobs/dashboard/img/loading.gif
HTTP_REFERER=http://localhost/gineobs/dashboard/index
---
2014/05/06 22:51:32 [error] [exception.CHttpException.404] exception 'CHttpException' with message 'El sistema no ha podido encontrar la acción "img" solicitada.' in C:\inetpub\wwwroot\framework\web\CController.php:483
Stack trace:
#0 C:\inetpub\wwwroot\framework\web\CController.php(270): CController->missingAction('img')
#1 C:\inetpub\wwwroot\framework\web\CWebApplication.php(282): CController->run('img')
#2 C:\inetpub\wwwroot\framework\web\CWebApplication.php(141): CWebApplication->runController('dashboard/img/l...')
#3 C:\inetpub\wwwroot\framework\base\CApplication.php(180): CWebApplication->processRequest()
#4 C:\inetpub\wwwroot\gineobs\index.php(13): CApplication->run()
#5 {main}
REQUEST_URI=/gineobs/dashboard/img/loading.gif
HTTP_REFERER=http://localhost/gineobs/dashboard/index
---
2014/05/06 22:51:32 [error] [exception.CHttpException.404] exception 'CHttpException' with message 'El sistema no ha podido encontrar la acción "img" solicitada.' in C:\inetpub\wwwroot\framework\web\CController.php:483
Stack trace:
#0 C:\inetpub\wwwroot\framework\web\CController.php(270): CController->missingAction('img')
#1 C:\inetpub\wwwroot\framework\web\CWebApplication.php(282): CController->run('img')
#2 C:\inetpub\wwwroot\framework\web\CWebApplication.php(141): CWebApplication->runController('dashboard/img/c...')
#3 C:\inetpub\wwwroot\framework\base\CApplication.php(180): CWebApplication->processRequest()
#4 C:\inetpub\wwwroot\gineobs\index.php(13): CApplication->run()
#5 {main}
REQUEST_URI=/gineobs/dashboard/img/close.png
HTTP_REFERER=http://localhost/gineobs/dashboard/index
---
2014/05/06 22:54:54 [error] [exception.CHttpException.404] exception 'CHttpException' with message 'El sistema no ha podido encontrar la acción "img" solicitada.' in C:\inetpub\wwwroot\framework\web\CController.php:483
Stack trace:
#0 C:\inetpub\wwwroot\framework\web\CController.php(270): CController->missingAction('img')
#1 C:\inetpub\wwwroot\framework\web\CWebApplication.php(282): CController->run('img')
#2 C:\inetpub\wwwroot\framework\web\CWebApplication.php(141): CWebApplication->runController('dashboard/img/l...')
#3 C:\inetpub\wwwroot\framework\base\CApplication.php(180): CWebApplication->processRequest()
#4 C:\inetpub\wwwroot\gineobs\index.php(13): CApplication->run()
#5 {main}
REQUEST_URI=/gineobs/dashboard/img/loading.gif
HTTP_REFERER=http://localhost/gineobs/dashboard/index
---
2014/05/06 22:54:54 [error] [exception.CHttpException.404] exception 'CHttpException' with message 'El sistema no ha podido encontrar la acción "img" solicitada.' in C:\inetpub\wwwroot\framework\web\CController.php:483
Stack trace:
#0 C:\inetpub\wwwroot\framework\web\CController.php(270): CController->missingAction('img')
#1 C:\inetpub\wwwroot\framework\web\CWebApplication.php(282): CController->run('img')
#2 C:\inetpub\wwwroot\framework\web\CWebApplication.php(141): CWebApplication->runController('dashboard/img/c...')
#3 C:\inetpub\wwwroot\framework\base\CApplication.php(180): CWebApplication->processRequest()
#4 C:\inetpub\wwwroot\gineobs\index.php(13): CApplication->run()
#5 {main}
REQUEST_URI=/gineobs/dashboard/img/close.png
HTTP_REFERER=http://localhost/gineobs/dashboard/index
---
2014/05/06 22:54:57 [error] [php] include(PacienteController.php): failed to open stream: No such file or directory (C:\inetpub\wwwroot\framework\YiiBase.php:427)
Stack trace:
#0 C:\inetpub\wwwroot\gineobs\protected\controllers\DashboardController.php(26): spl_autoload_call()
#1 C:\inetpub\wwwroot\framework\web\actions\CInlineAction.php(49): DashboardController->actionPaciente()
#2 C:\inetpub\wwwroot\framework\web\CController.php(308): CInlineAction->runWithParams()
#3 C:\inetpub\wwwroot\framework\web\CController.php(286): DashboardController->runAction()
#4 C:\inetpub\wwwroot\framework\web\CController.php(265): DashboardController->runActionWithFilters()
#5 C:\inetpub\wwwroot\framework\web\CWebApplication.php(282): DashboardController->run()
#6 C:\inetpub\wwwroot\framework\web\CWebApplication.php(141): CWebApplication->runController()
#7 C:\inetpub\wwwroot\framework\base\CApplication.php(180): CWebApplication->processRequest()
#8 C:\inetpub\wwwroot\gineobs\index.php(13): CWebApplication->run()
REQUEST_URI=/gineobs/dashboard/paciente
in C:\inetpub\wwwroot\gineobs\protected\controllers\DashboardController.php (26)
in C:\inetpub\wwwroot\gineobs\index.php (13)
2014/05/06 22:55:08 [error] [php] include(PacienteController.php): failed to open stream: No such file or directory (C:\inetpub\wwwroot\framework\YiiBase.php:427)
Stack trace:
#0 C:\inetpub\wwwroot\gineobs\protected\controllers\DashboardController.php(26): spl_autoload_call()
#1 C:\inetpub\wwwroot\framework\web\actions\CInlineAction.php(49): DashboardController->actionPaciente()
#2 C:\inetpub\wwwroot\framework\web\CController.php(308): CInlineAction->runWithParams()
#3 C:\inetpub\wwwroot\framework\web\CController.php(286): DashboardController->runAction()
#4 C:\inetpub\wwwroot\framework\web\CController.php(265): DashboardController->runActionWithFilters()
#5 C:\inetpub\wwwroot\framework\web\CWebApplication.php(282): DashboardController->run()
#6 C:\inetpub\wwwroot\framework\web\CWebApplication.php(141): CWebApplication->runController()
#7 C:\inetpub\wwwroot\framework\base\CApplication.php(180): CWebApplication->processRequest()
#8 C:\inetpub\wwwroot\gineobs\index.php(13): CWebApplication->run()
REQUEST_URI=/gineobs/dashboard/paciente
in C:\inetpub\wwwroot\gineobs\protected\controllers\DashboardController.php (26)
in C:\inetpub\wwwroot\gineobs\index.php (13)
2014/05/06 22:55:56 [error] [exception.CException] exception 'CException' with message 'DashboardController and its behaviors do not have a method or closure named "getEdoCivil".' in C:\inetpub\wwwroot\framework\base\CComponent.php:266
Stack trace:
#0 C:\inetpub\wwwroot\gineobs\protected\views\paciente\view.php(36): CComponent->__call('getEdoCivil', Array)
#1 C:\inetpub\wwwroot\gineobs\protected\views\paciente\view.php(36): DashboardController->getEdoCivil('18126354')
#2 C:\inetpub\wwwroot\framework\web\CBaseController.php(126): require('C:\inetpub\wwwr...')
#3 C:\inetpub\wwwroot\framework\web\CBaseController.php(95): CBaseController->renderInternal('C:\inetpub\wwwr...', Array, true)
#4 C:\inetpub\wwwroot\framework\web\CController.php(869): CBaseController->renderFile('C:\inetpub\wwwr...', Array, true)
#5 C:\inetpub\wwwroot\gineobs\protected\controllers\DashboardController.php(26): CController->renderPartial('/paciente/view', Array)
#6 C:\inetpub\wwwroot\framework\web\actions\CInlineAction.php(49): DashboardController->actionPaciente()
#7 C:\inetpub\wwwroot\framework\web\CController.php(308): CInlineAction->runWithParams(Array)
#8 C:\inetpub\wwwroot\framework\web\CController.php(286): CController->runAction(Object(CInlineAction))
#9 C:\inetpub\wwwroot\framework\web\CController.php(265): CController->runActionWithFilters(Object(CInlineAction), Array)
#10 C:\inetpub\wwwroot\framework\web\CWebApplication.php(282): CController->run('paciente')
#11 C:\inetpub\wwwroot\framework\web\CWebApplication.php(141): CWebApplication->runController('dashboard/pacie...')
#12 C:\inetpub\wwwroot\framework\base\CApplication.php(180): CWebApplication->processRequest()
#13 C:\inetpub\wwwroot\gineobs\index.php(13): CApplication->run()
#14 {main}
REQUEST_URI=/gineobs/dashboard/paciente
HTTP_REFERER=http://localhost/gineobs/dashboard/index
---
2014/05/06 22:57:51 [error] [exception.CHttpException.404] exception 'CHttpException' with message 'El sistema no ha podido encontrar la acción "img" solicitada.' in C:\inetpub\wwwroot\framework\web\CController.php:483
Stack trace:
#0 C:\inetpub\wwwroot\framework\web\CController.php(270): CController->missingAction('img')
#1 C:\inetpub\wwwroot\framework\web\CWebApplication.php(282): CController->run('img')
#2 C:\inetpub\wwwroot\framework\web\CWebApplication.php(141): CWebApplication->runController('dashboard/img/c...')
#3 C:\inetpub\wwwroot\framework\base\CApplication.php(180): CWebApplication->processRequest()
#4 C:\inetpub\wwwroot\gineobs\index.php(13): CApplication->run()
#5 {main}
REQUEST_URI=/gineobs/dashboard/img/close.png
HTTP_REFERER=http://localhost/gineobs/dashboard/index
---
2014/05/06 22:57:51 [error] [exception.CHttpException.404] exception 'CHttpException' with message 'El sistema no ha podido encontrar la acción "img" solicitada.' in C:\inetpub\wwwroot\framework\web\CController.php:483
Stack trace:
#0 C:\inetpub\wwwroot\framework\web\CController.php(270): CController->missingAction('img')
#1 C:\inetpub\wwwroot\framework\web\CWebApplication.php(282): CController->run('img')
#2 C:\inetpub\wwwroot\framework\web\CWebApplication.php(141): CWebApplication->runController('dashboard/img/l...')
#3 C:\inetpub\wwwroot\framework\base\CApplication.php(180): CWebApplication->processRequest()
#4 C:\inetpub\wwwroot\gineobs\index.php(13): CApplication->run()
#5 {main}
REQUEST_URI=/gineobs/dashboard/img/loading.gif
HTTP_REFERER=http://localhost/gineobs/dashboard/index
---
2014/05/06 23:00:15 [error] [exception.CHttpException.404] exception 'CHttpException' with message 'El sistema no ha podido encontrar la acción "img" solicitada.' in C:\inetpub\wwwroot\framework\web\CController.php:483
Stack trace:
#0 C:\inetpub\wwwroot\framework\web\CController.php(270): CController->missingAction('img')
#1 C:\inetpub\wwwroot\framework\web\CWebApplication.php(282): CController->run('img')
#2 C:\inetpub\wwwroot\framework\web\CWebApplication.php(141): CWebApplication->runController('dashboard/img/l...')
#3 C:\inetpub\wwwroot\framework\base\CApplication.php(180): CWebApplication->processRequest()
#4 C:\inetpub\wwwroot\gineobs\index.php(13): CApplication->run()
#5 {main}
REQUEST_URI=/gineobs/dashboard/img/loading.gif
HTTP_REFERER=http://localhost/gineobs/dashboard/index
---
2014/05/06 23:00:15 [error] [exception.CHttpException.404] exception 'CHttpException' with message 'El sistema no ha podido encontrar la acción "img" solicitada.' in C:\inetpub\wwwroot\framework\web\CController.php:483
Stack trace:
#0 C:\inetpub\wwwroot\framework\web\CController.php(270): CController->missingAction('img')
#1 C:\inetpub\wwwroot\framework\web\CWebApplication.php(282): CController->run('img')
#2 C:\inetpub\wwwroot\framework\web\CWebApplication.php(141): CWebApplication->runController('dashboard/img/c...')
#3 C:\inetpub\wwwroot\framework\base\CApplication.php(180): CWebApplication->processRequest()
#4 C:\inetpub\wwwroot\gineobs\index.php(13): CApplication->run()
#5 {main}
REQUEST_URI=/gineobs/dashboard/img/close.png
HTTP_REFERER=http://localhost/gineobs/dashboard/index
---
2014/05/06 23:00:39 [error] [exception.CHttpException.404] exception 'CHttpException' with message 'El sistema no ha podido encontrar la acción "img" solicitada.' in C:\inetpub\wwwroot\framework\web\CController.php:483
Stack trace:
#0 C:\inetpub\wwwroot\framework\web\CController.php(270): CController->missingAction('img')
#1 C:\inetpub\wwwroot\framework\web\CWebApplication.php(282): CController->run('img')
#2 C:\inetpub\wwwroot\framework\web\CWebApplication.php(141): CWebApplication->runController('dashboard/img/c...')
#3 C:\inetpub\wwwroot\framework\base\CApplication.php(180): CWebApplication->processRequest()
#4 C:\inetpub\wwwroot\gineobs\index.php(13): CApplication->run()
#5 {main}
REQUEST_URI=/gineobs/dashboard/img/close.png
HTTP_REFERER=http://localhost/gineobs/dashboard/index
---
2014/05/06 23:00:39 [error] [exception.CHttpException.404] exception 'CHttpException' with message 'El sistema no ha podido encontrar la acción "img" solicitada.' in C:\inetpub\wwwroot\framework\web\CController.php:483
Stack trace:
#0 C:\inetpub\wwwroot\framework\web\CController.php(270): CController->missingAction('img')
#1 C:\inetpub\wwwroot\framework\web\CWebApplication.php(282): CController->run('img')
#2 C:\inetpub\wwwroot\framework\web\CWebApplication.php(141): CWebApplication->runController('dashboard/img/l...')
#3 C:\inetpub\wwwroot\framework\base\CApplication.php(180): CWebApplication->processRequest()
#4 C:\inetpub\wwwroot\gineobs\index.php(13): CApplication->run()
#5 {main}
REQUEST_URI=/gineobs/dashboard/img/loading.gif
HTTP_REFERER=http://localhost/gineobs/dashboard/index
---
2014/05/06 23:02:39 [error] [exception.CHttpException.404] exception 'CHttpException' with message 'El sistema no ha podido encontrar la acción "img" solicitada.' in C:\inetpub\wwwroot\framework\web\CController.php:483
Stack trace:
#0 C:\inetpub\wwwroot\framework\web\CController.php(270): CController->missingAction('img')
#1 C:\inetpub\wwwroot\framework\web\CWebApplication.php(282): CController->run('img')
#2 C:\inetpub\wwwroot\framework\web\CWebApplication.php(141): CWebApplication->runController('dashboard/img/l...')
#3 C:\inetpub\wwwroot\framework\base\CApplication.php(180): CWebApplication->processRequest()
#4 C:\inetpub\wwwroot\gineobs\index.php(13): CApplication->run()
#5 {main}
REQUEST_URI=/gineobs/dashboard/img/loading.gif
HTTP_REFERER=http://localhost/gineobs/dashboard/index
---
2014/05/06 23:02:39 [error] [exception.CHttpException.404] exception 'CHttpException' with message 'El sistema no ha podido encontrar la acción "img" solicitada.' in C:\inetpub\wwwroot\framework\web\CController.php:483
Stack trace:
#0 C:\inetpub\wwwroot\framework\web\CController.php(270): CController->missingAction('img')
#1 C:\inetpub\wwwroot\framework\web\CWebApplication.php(282): CController->run('img')
#2 C:\inetpub\wwwroot\framework\web\CWebApplication.php(141): CWebApplication->runController('dashboard/img/c...')
#3 C:\inetpub\wwwroot\framework\base\CApplication.php(180): CWebApplication->processRequest()
#4 C:\inetpub\wwwroot\gineobs\index.php(13): CApplication->run()
#5 {main}
REQUEST_URI=/gineobs/dashboard/img/close.png
HTTP_REFERER=http://localhost/gineobs/dashboard/index
---
2014/05/07 19:22:47 [error] [exception.CHttpException.404] exception 'CHttpException' with message 'El sistema no ha podido encontrar la acción "img" solicitada.' in C:\inetpub\wwwroot\framework\web\CController.php:483
Stack trace:
#0 C:\inetpub\wwwroot\framework\web\CController.php(270): CController->missingAction('img')
#1 C:\inetpub\wwwroot\framework\web\CWebApplication.php(282): CController->run('img')
#2 C:\inetpub\wwwroot\framework\web\CWebApplication.php(141): CWebApplication->runController('dashboard/img/c...')
#3 C:\inetpub\wwwroot\framework\base\CApplication.php(180): CWebApplication->processRequest()
#4 C:\inetpub\wwwroot\gineobs\index.php(13): CApplication->run()
#5 {main}
REQUEST_URI=/gineobs/dashboard/img/close.png
HTTP_REFERER=http://localhost/gineobs/dashboard/index
---
2014/05/07 19:22:47 [error] [exception.CHttpException.404] exception 'CHttpException' with message 'El sistema no ha podido encontrar la acción "img" solicitada.' in C:\inetpub\wwwroot\framework\web\CController.php:483
Stack trace:
#0 C:\inetpub\wwwroot\framework\web\CController.php(270): CController->missingAction('img')
#1 C:\inetpub\wwwroot\framework\web\CWebApplication.php(282): CController->run('img')
#2 C:\inetpub\wwwroot\framework\web\CWebApplication.php(141): CWebApplication->runController('dashboard/img/l...')
#3 C:\inetpub\wwwroot\framework\base\CApplication.php(180): CWebApplication->processRequest()
#4 C:\inetpub\wwwroot\gineobs\index.php(13): CApplication->run()
#5 {main}
REQUEST_URI=/gineobs/dashboard/img/loading.gif
HTTP_REFERER=http://localhost/gineobs/dashboard/index
---
2014/05/07 19:22:50 [error] [php] Use of undefined constant ñ - assumed 'ñ' (C:\inetpub\wwwroot\gineobs\protected\views\paciente\view.php:29)
Stack trace:
#0 C:\inetpub\wwwroot\framework\web\CController.php(869): DashboardController->renderFile()
#1 C:\inetpub\wwwroot\gineobs\protected\controllers\DashboardController.php(26): DashboardController->renderPartial()
#2 C:\inetpub\wwwroot\framework\web\actions\CInlineAction.php(49): DashboardController->actionPaciente()
#3 C:\inetpub\wwwroot\framework\web\CController.php(308): CInlineAction->runWithParams()
#4 C:\inetpub\wwwroot\framework\web\CController.php(286): DashboardController->runAction()
#5 C:\inetpub\wwwroot\framework\web\CController.php(265): DashboardController->runActionWithFilters()
#6 C:\inetpub\wwwroot\framework\web\CWebApplication.php(282): DashboardController->run()
#7 C:\inetpub\wwwroot\framework\web\CWebApplication.php(141): CWebApplication->runController()
#8 C:\inetpub\wwwroot\framework\base\CApplication.php(180): CWebApplication->processRequest()
#9 C:\inetpub\wwwroot\gineobs\index.php(13): CWebApplication->run()
REQUEST_URI=/gineobs/dashboard/paciente
in C:\inetpub\wwwroot\gineobs\protected\views\paciente\view.php (29)
in C:\inetpub\wwwroot\gineobs\protected\controllers\DashboardController.php (26)
in C:\inetpub\wwwroot\gineobs\index.php (13)
2014/05/07 19:22:52 [error] [php] Use of undefined constant ñ - assumed 'ñ' (C:\inetpub\wwwroot\gineobs\protected\views\paciente\view.php:29)
Stack trace:
#0 C:\inetpub\wwwroot\framework\web\CController.php(869): DashboardController->renderFile()
#1 C:\inetpub\wwwroot\gineobs\protected\controllers\DashboardController.php(26): DashboardController->renderPartial()
#2 C:\inetpub\wwwroot\framework\web\actions\CInlineAction.php(49): DashboardController->actionPaciente()
#3 C:\inetpub\wwwroot\framework\web\CController.php(308): CInlineAction->runWithParams()
#4 C:\inetpub\wwwroot\framework\web\CController.php(286): DashboardController->runAction()
#5 C:\inetpub\wwwroot\framework\web\CController.php(265): DashboardController->runActionWithFilters()
#6 C:\inetpub\wwwroot\framework\web\CWebApplication.php(282): DashboardController->run()
#7 C:\inetpub\wwwroot\framework\web\CWebApplication.php(141): CWebApplication->runController()
#8 C:\inetpub\wwwroot\framework\base\CApplication.php(180): CWebApplication->processRequest()
#9 C:\inetpub\wwwroot\gineobs\index.php(13): CWebApplication->run()
REQUEST_URI=/gineobs/dashboard/paciente
in C:\inetpub\wwwroot\gineobs\protected\views\paciente\view.php (29)
in C:\inetpub\wwwroot\gineobs\protected\controllers\DashboardController.php (26)
in C:\inetpub\wwwroot\gineobs\index.php (13)
2014/05/07 19:22:58 [error] [php] Use of undefined constant ñ - assumed 'ñ' (C:\inetpub\wwwroot\gineobs\protected\views\paciente\view.php:29)
Stack trace:
#0 C:\inetpub\wwwroot\framework\web\CController.php(869): DashboardController->renderFile()
#1 C:\inetpub\wwwroot\gineobs\protected\controllers\DashboardController.php(26): DashboardController->renderPartial()
#2 C:\inetpub\wwwroot\framework\web\actions\CInlineAction.php(49): DashboardController->actionPaciente()
#3 C:\inetpub\wwwroot\framework\web\CController.php(308): CInlineAction->runWithParams()
#4 C:\inetpub\wwwroot\framework\web\CController.php(286): DashboardController->runAction()
#5 C:\inetpub\wwwroot\framework\web\CController.php(265): DashboardController->runActionWithFilters()
#6 C:\inetpub\wwwroot\framework\web\CWebApplication.php(282): DashboardController->run()
#7 C:\inetpub\wwwroot\framework\web\CWebApplication.php(141): CWebApplication->runController()
#8 C:\inetpub\wwwroot\framework\base\CApplication.php(180): CWebApplication->processRequest()
#9 C:\inetpub\wwwroot\gineobs\index.php(13): CWebApplication->run()
REQUEST_URI=/gineobs/dashboard/paciente
in C:\inetpub\wwwroot\gineobs\protected\views\paciente\view.php (29)
in C:\inetpub\wwwroot\gineobs\protected\controllers\DashboardController.php (26)
in C:\inetpub\wwwroot\gineobs\index.php (13)
2014/05/07 19:23:22 [error] [exception.CHttpException.404] exception 'CHttpException' with message 'El sistema no ha podido encontrar la acción "img" solicitada.' in C:\inetpub\wwwroot\framework\web\CController.php:483
Stack trace:
#0 C:\inetpub\wwwroot\framework\web\CController.php(270): CController->missingAction('img')
#1 C:\inetpub\wwwroot\framework\web\CWebApplication.php(282): CController->run('img')
#2 C:\inetpub\wwwroot\framework\web\CWebApplication.php(141): CWebApplication->runController('dashboard/img/l...')
#3 C:\inetpub\wwwroot\framework\base\CApplication.php(180): CWebApplication->processRequest()
#4 C:\inetpub\wwwroot\gineobs\index.php(13): CApplication->run()
#5 {main}
REQUEST_URI=/gineobs/dashboard/img/loading.gif
HTTP_REFERER=http://localhost/gineobs/dashboard/index
---
2014/05/07 19:23:22 [error] [exception.CHttpException.404] exception 'CHttpException' with message 'El sistema no ha podido encontrar la acción "img" solicitada.' in C:\inetpub\wwwroot\framework\web\CController.php:483
Stack trace:
#0 C:\inetpub\wwwroot\framework\web\CController.php(270): CController->missingAction('img')
#1 C:\inetpub\wwwroot\framework\web\CWebApplication.php(282): CController->run('img')
#2 C:\inetpub\wwwroot\framework\web\CWebApplication.php(141): CWebApplication->runController('dashboard/img/c...')
#3 C:\inetpub\wwwroot\framework\base\CApplication.php(180): CWebApplication->processRequest()
#4 C:\inetpub\wwwroot\gineobs\index.php(13): CApplication->run()
#5 {main}
REQUEST_URI=/gineobs/dashboard/img/close.png
HTTP_REFERER=http://localhost/gineobs/dashboard/index
---
